5:01:43 PM  [main] 	Initializing Control Panel
5:01:43 PM  [main] 	Windows Version:  Home  64-bit
5:01:43 PM  [main] 	XAMPP Version: 8.2.12
5:01:43 PM  [main] 	Control Panel Version: 3.3.0  [ Compiled: Apr 6th 2021 ]
5:01:43 PM  [main] 	Running with Administrator rights - good!
5:01:43 PM  [main] 	XAMPP Installation Directory: "c:\xampp\"
5:01:43 PM  [main] 	Checking for prerequisites
5:01:43 PM  [main] 	All prerequisites found
5:01:43 PM  [main] 	Initializing Modules
5:01:43 PM  [Apache] 	XAMPP Apache is already running on port 80
5:01:43 PM  [Apache] 	XAMPP Apache is already running on port 443
5:01:43 PM  [main] 	Starting Check-Timer
5:01:43 PM  [main] 	Control Panel Ready
5:01:47 PM  [mysql] 	Attempting to start MySQL app...
5:01:47 PM  [mysql] 	Status change detected: running
5:01:49 PM  [mysql] 	Status change detected: stopped
5:01:49 PM  [mysql] 	Error: MySQL shutdown unexpectedly.
5:01:49 PM  [mysql] 	This may be due to a blocked port, missing dependencies, 
5:01:49 PM  [mysql] 	improper privileges, a crash, or a shutdown by another method.
5:01:49 PM  [mysql] 	Press the Logs button to view error logs and check
5:01:49 PM  [mysql] 	the Windows Event Viewer for more clues
5:01:49 PM  [mysql] 	If you need more help, copy and post this
5:01:49 PM  [mysql] 	entire log window on the forums
5:08:26 PM  [mysql] 	Attempting to start MySQL app...
5:08:26 PM  [mysql] 	Status change detected: running
5:08:26 PM  [Apache] 	Attempting to stop Apache (PID: 17672)
5:08:26 PM  [Apache] 	Attempting to stop Apache (PID: 2440)
5:08:26 PM  [Apache] 	Status change detected: stopped
5:08:27 PM  [mysql] 	Status change detected: stopped
5:08:27 PM  [mysql] 	Error: MySQL shutdown unexpectedly.
5:08:28 PM  [mysql] 	This may be due to a blocked port, missing dependencies, 
5:08:28 PM  [mysql] 	improper privileges, a crash, or a shutdown by another method.
5:08:28 PM  [mysql] 	Press the Logs button to view error logs and check
5:08:28 PM  [mysql] 	the Windows Event Viewer for more clues
5:08:28 PM  [mysql] 	If you need more help, copy and post this
5:08:28 PM  [mysql] 	entire log window on the forums
5:08:28 PM  [Apache] 	Attempting to start Apache app...
5:08:28 PM  [Apache] 	Status change detected: running
5:08:30 PM  [mysql] 	Attempting to start MySQL app...
5:08:30 PM  [mysql] 	Status change detected: running
5:08:32 PM  [mysql] 	Status change detected: stopped
5:08:32 PM  [mysql] 	Error: MySQL shutdown unexpectedly.
5:08:32 PM  [mysql] 	This may be due to a blocked port, missing dependencies, 
5:08:32 PM  [mysql] 	improper privileges, a crash, or a shutdown by another method.
5:08:32 PM  [mysql] 	Press the Logs button to view error logs and check
5:08:32 PM  [mysql] 	the Windows Event Viewer for more clues
5:08:32 PM  [mysql] 	If you need more help, copy and post this
5:08:32 PM  [mysql] 	entire log window on the forums
5:08:35 PM  [mysql] 	Attempting to start MySQL app...
5:08:35 PM  [mysql] 	Status change detected: running
5:08:37 PM  [mysql] 	Status change detected: stopped
5:08:37 PM  [mysql] 	Error: MySQL shutdown unexpectedly.
5:08:37 PM  [mysql] 	This may be due to a blocked port, missing dependencies, 
5:08:37 PM  [mysql] 	improper privileges, a crash, or a shutdown by another method.
5:08:37 PM  [mysql] 	Press the Logs button to view error logs and check
5:08:37 PM  [mysql] 	the Windows Event Viewer for more clues
5:08:37 PM  [mysql] 	If you need more help, copy and post this
5:08:37 PM  [mysql] 	entire log window on the forums
5:09:02 PM  [main] 	Executing "c:\xampp\"
5:09:23 PM  [mysql] 	Attempting to start MySQL app...
5:09:23 PM  [mysql] 	Status change detected: running
5:09:23 PM  [mysql] 	Status change detected: stopped
5:09:23 PM  [mysql] 	Error: MySQL shutdown unexpectedly.
5:09:23 PM  [mysql] 	This may be due to a blocked port, missing dependencies, 
5:09:23 PM  [mysql] 	improper privileges, a crash, or a shutdown by another method.
5:09:23 PM  [mysql] 	Press the Logs button to view error logs and check
5:09:23 PM  [mysql] 	the Windows Event Viewer for more clues
5:09:23 PM  [mysql] 	If you need more help, copy and post this
5:09:23 PM  [mysql] 	entire log window on the forums
5:10:01 PM  [Apache] 	Attempting to stop Apache (PID: 14224)
5:10:01 PM  [Apache] 	Attempting to stop Apache (PID: 14896)
5:10:02 PM  [Apache] 	Status change detected: stopped
5:10:03 PM  [Apache] 	Attempting to start Apache app...
5:10:04 PM  [Apache] 	Status change detected: running
5:14:05 PM  [mysql] 	Attempting to start MySQL app...
5:14:05 PM  [mysql] 	Status change detected: running
5:17:34 PM  [mysql] 	Attempting to stop MySQL app...
5:17:35 PM  [mysql] 	Status change detected: stopped
5:17:35 PM  [Apache] 	Attempting to stop Apache (PID: 21768)
5:17:35 PM  [Apache] 	Attempting to stop Apache (PID: 13708)
5:17:35 PM  [Apache] 	Status change detected: stopped
5:17:48 PM  [main] 	Deinitializing Modules
5:17:48 PM  [main] 	Deinitializing Control Panel

5:18:28 PM  [main] 	Initializing Control Panel
5:18:28 PM  [main] 	Windows Version:  Home  64-bit
5:18:28 PM  [main] 	XAMPP Version: 8.2.12
5:18:28 PM  [main] 	Control Panel Version: 3.3.0  [ Compiled: Apr 6th 2021 ]
5:18:28 PM  [main] 	Running with Administrator rights - good!
5:18:28 PM  [main] 	XAMPP Installation Directory: "c:\xampp\"
5:18:28 PM  [main] 	Checking for prerequisites
5:18:28 PM  [main] 	All prerequisites found
5:18:28 PM  [main] 	Initializing Modules
5:18:28 PM  [main] 	Starting Check-Timer
5:18:28 PM  [main] 	Control Panel Ready
5:18:31 PM  [Apache] 	Attempting to start Apache app...
5:18:31 PM  [Apache] 	Status change detected: running
5:18:32 PM  [mysql] 	Attempting to start MySQL app...
5:18:32 PM  [mysql] 	Status change detected: running
5:18:34 PM  [mysql] 	Status change detected: stopped
5:18:34 PM  [mysql] 	Error: MySQL shutdown unexpectedly.
5:18:34 PM  [mysql] 	This may be due to a blocked port, missing dependencies, 
5:18:34 PM  [mysql] 	improper privileges, a crash, or a shutdown by another method.
5:18:34 PM  [mysql] 	Press the Logs button to view error logs and check
5:18:34 PM  [mysql] 	the Windows Event Viewer for more clues
5:18:34 PM  [mysql] 	If you need more help, copy and post this
5:18:34 PM  [mysql] 	entire log window on the forums
5:18:40 PM  [mysql] 	Attempting to start MySQL app...
5:18:40 PM  [mysql] 	Status change detected: running
5:18:47 PM  [mysql] 	Status change detected: stopped
5:18:47 PM  [mysql] 	Error: MySQL shutdown unexpectedly.
5:18:47 PM  [mysql] 	This may be due to a blocked port, missing dependencies, 
5:18:47 PM  [mysql] 	improper privileges, a crash, or a shutdown by another method.
5:18:47 PM  [mysql] 	Press the Logs button to view error logs and check
5:18:47 PM  [mysql] 	the Windows Event Viewer for more clues
5:18:47 PM  [mysql] 	If you need more help, copy and post this
5:18:47 PM  [mysql] 	entire log window on the forums
5:22:00 PM  [mysql] 	Attempting to start MySQL app...
5:22:00 PM  [mysql] 	Status change detected: running
5:22:03 PM  [mysql] 	Status change detected: stopped
5:22:03 PM  [mysql] 	Error: MySQL shutdown unexpectedly.
5:22:03 PM  [mysql] 	This may be due to a blocked port, missing dependencies, 
5:22:03 PM  [mysql] 	improper privileges, a crash, or a shutdown by another method.
5:22:03 PM  [mysql] 	Press the Logs button to view error logs and check
5:22:03 PM  [mysql] 	the Windows Event Viewer for more clues
5:22:03 PM  [mysql] 	If you need more help, copy and post this
5:22:03 PM  [mysql] 	entire log window on the forums
5:22:12 PM  [mysql] 	Installing service...
5:22:12 PM  [mysql] 	Successful!
5:22:14 PM  [mysql] 	Attempting to start MySQL service...
5:22:14 PM  [mysql] 	Status change detected: running
5:22:21 PM  [mysql] 	Status change detected: stopped
5:22:21 PM  [mysql] 	Error: MySQL shutdown unexpectedly.
5:22:21 PM  [mysql] 	This may be due to a blocked port, missing dependencies, 
5:22:21 PM  [mysql] 	improper privileges, a crash, or a shutdown by another method.
5:22:21 PM  [mysql] 	Press the Logs button to view error logs and check
5:22:21 PM  [mysql] 	the Windows Event Viewer for more clues
5:22:21 PM  [mysql] 	If you need more help, copy and post this
5:22:21 PM  [mysql] 	entire log window on the forums
5:22:24 PM  [mysql] 	Attempting to start MySQL service...
5:22:24 PM  [mysql] 	Status change detected: running
5:22:30 PM  [mysql] 	Status change detected: stopped
5:22:30 PM  [mysql] 	Error: MySQL shutdown unexpectedly.
5:22:30 PM  [mysql] 	This may be due to a blocked port, missing dependencies, 
5:22:30 PM  [mysql] 	improper privileges, a crash, or a shutdown by another method.
5:22:30 PM  [mysql] 	Press the Logs button to view error logs and check
5:22:30 PM  [mysql] 	the Windows Event Viewer for more clues
5:22:30 PM  [mysql] 	If you need more help, copy and post this
5:22:30 PM  [mysql] 	entire log window on the forums
5:24:24 PM  [mysql] 	Attempting to start MySQL service...
5:24:25 PM  [mysql] 	Status change detected: running
5:24:31 PM  [mysql] 	Status change detected: stopped
5:24:31 PM  [mysql] 	Error: MySQL shutdown unexpectedly.
5:24:31 PM  [mysql] 	This may be due to a blocked port, missing dependencies, 
5:24:31 PM  [mysql] 	improper privileges, a crash, or a shutdown by another method.
5:24:31 PM  [mysql] 	Press the Logs button to view error logs and check
5:24:31 PM  [mysql] 	the Windows Event Viewer for more clues
5:24:31 PM  [mysql] 	If you need more help, copy and post this
5:24:31 PM  [mysql] 	entire log window on the forums
5:24:53 PM  [main] 	Executing "services.msc"
5:30:44 PM  [mysql] 	Attempting to start MySQL service...
5:30:45 PM  [mysql] 	Status change detected: running
5:32:43 PM  [mysql] 	Attempting to stop MySQL service...
5:32:44 PM  [mysql] 	Status change detected: stopped
5:32:46 PM  [mysql] 	Attempting to start MySQL service...
5:32:47 PM  [mysql] 	Status change detected: running
8:16:06 PM  [Apache] 	Attempting to stop Apache (PID: 15892)
8:16:06 PM  [Apache] 	Attempting to stop Apache (PID: 10992)
8:16:07 PM  [Apache] 	Status change detected: stopped
8:16:07 PM  [mysql] 	Attempting to stop MySQL service...
8:16:09 PM  [mysql] 	Status change detected: stopped
8:40:29 PM  [Apache] 	Attempting to start Apache app...
8:40:29 PM  [Apache] 	Status change detected: running
8:40:29 PM  [mysql] 	Attempting to start MySQL service...
8:40:30 PM  [mysql] 	Status change detected: running
11:37:23 PM  [mysql] 	Attempting to stop MySQL service...
11:37:25 PM  [mysql] 	Status change detected: stopped
11:37:25 PM  [Apache] 	Attempting to stop Apache (PID: 17396)
11:37:25 PM  [Apache] 	Attempting to stop Apache (PID: 20940)
11:37:25 PM  [Apache] 	Status change detected: stopped
2:38:27 AM  [main] 	Deinitializing Modules
2:38:27 AM  [main] 	Deinitializing Control Panel

10:12:14 PM  [main] 	Initializing Control Panel
10:12:14 PM  [main] 	Windows Version:  Home  64-bit
10:12:14 PM  [main] 	XAMPP Version: 8.2.12
10:12:14 PM  [main] 	Control Panel Version: 3.3.0  [ Compiled: Apr 6th 2021 ]
10:12:14 PM  [main] 	Running with Administrator rights - good!
10:12:14 PM  [main] 	XAMPP Installation Directory: "c:\xampp\"
10:12:14 PM  [main] 	Checking for prerequisites
10:12:14 PM  [main] 	All prerequisites found
10:12:14 PM  [main] 	Initializing Modules
10:12:14 PM  [main] 	Starting Check-Timer
10:12:14 PM  [main] 	Control Panel Ready
10:12:16 PM  [Apache] 	Attempting to start Apache app...
10:12:16 PM  [Apache] 	Status change detected: running
10:12:19 PM  [mysql] 	Attempting to start MySQL service...
10:12:20 PM  [mysql] 	Status change detected: running
12:51:30 AM  [mysql] 	Attempting to stop MySQL service...
12:51:32 AM  [mysql] 	Status change detected: stopped
12:51:33 AM  [Apache] 	Attempting to stop Apache (PID: 18584)
12:51:33 AM  [Apache] 	Attempting to stop Apache (PID: 5460)
12:51:33 AM  [Apache] 	Status change detected: stopped
4:01:59 AM  [main] 	Deinitializing Modules
4:01:59 AM  [main] 	Deinitializing Control Panel

